<?xml version="1.0" encoding="UTF-8"?>
<!-- Generated by org.testng.reporters.JUnitXMLReporter -->
<testsuite ignored="14" hostname="Sakshi-2004" failures="0" tests="2" name="Test" time="31.863" errors="0" timestamp="2025-12-08T17:41:45 IST">
  <testcase classname="maccronProject.InvalidSearchTest" name="invalidSearch" time="0.92"/>
  <testcase classname="maccronProject.BlankPasswordTextFieldTest" name="blankPasswordTextField" time="7.562"/>
  <testcase classname="com.maccron.BaseClass.BaseClass" name="@BeforeSuite baseSuite" time="0.0">
    <ignored/>
  </testcase> <!-- @BeforeSuite baseSuite -->
  <testcase classname="maccronProject.AddToBagTest" name="addToBag" time="0.0">
    <ignored/>
  </testcase> <!-- addToBag -->
  <testcase classname="com.maccron.BaseClass.BaseClass" name="@BeforeSuite baseSuite" time="0.0">
    <ignored/>
  </testcase> <!-- @BeforeSuite baseSuite -->
  <testcase classname="com.maccron.BaseClass.BaseClass" name="@BeforeSuite baseSuite" time="0.0">
    <ignored/>
  </testcase> <!-- @BeforeSuite baseSuite -->
  <testcase classname="com.maccron.BaseClass.BaseClass" name="@BeforeTest beforeTest" time="0.0">
    <ignored/>
  </testcase> <!-- @BeforeTest beforeTest -->
  <testcase classname="maccronProject.ContactDetailTest" name="contactDetails" time="0.0">
    <ignored/>
  </testcase> <!-- contactDetails -->
  <testcase classname="com.maccron.BaseClass.BaseClass" name="@BeforeSuite baseSuite" time="0.0">
    <ignored/>
  </testcase> <!-- @BeforeSuite baseSuite -->
  <testcase classname="com.maccron.BaseClass.BaseClass" name="@BeforeTest beforeTest" time="0.0">
    <ignored/>
  </testcase> <!-- @BeforeTest beforeTest -->
  <testcase classname="com.maccron.BaseClass.BaseClass" name="@BeforeSuite baseSuite" time="0.0">
    <ignored/>
  </testcase> <!-- @BeforeSuite baseSuite -->
  <testcase classname="maccronProject.AutoSuggestionsTest" name="autoSuggestions" time="0.0">
    <ignored/>
  </testcase> <!-- autoSuggestions -->
  <testcase classname="com.maccron.BaseClass.BaseClass" name="@BeforeTest beforeTest" time="0.0">
    <ignored/>
  </testcase> <!-- @BeforeTest beforeTest -->
  <testcase classname="maccronProject.CategoriesTest" name="categories" time="0.0">
    <ignored/>
  </testcase> <!-- categories -->
  <testcase classname="com.maccron.BaseClass.BaseClass" name="@BeforeTest beforeTest" time="0.0">
    <ignored/>
  </testcase> <!-- @BeforeTest beforeTest -->
  <testcase classname="com.maccron.BaseClass.BaseClass" name="@BeforeTest beforeTest" time="0.0">
    <ignored/>
  </testcase> <!-- @BeforeTest beforeTest -->
</testsuite> <!-- Test -->
