<?xml version="1.0" encoding="UTF-8"?>
<!-- Generated by org.testng.reporters.JUnitXMLReporter -->
<testsuite ignored="2" hostname="Sakshi-2004" failures="0" tests="2" name="Test2" time="16.116" errors="0" timestamp="2025-12-08T16:07:56 IST">
  <testcase classname="maccronProject.InvalidSearchTest" name="invalidSearch" time="0.0">
    <skipped/>
  </testcase> <!-- invalidSearch -->
  <testcase classname="maccronProject.BlankPasswordTextFieldTest" name="blankPasswordTextField" time="0.001">
    <skipped/>
  </testcase> <!-- blankPasswordTextField -->
  <testcase classname="com.maccron.BaseClass.BaseClass" name="@BeforeSuite baseSuite" time="0.0">
    <ignored/>
  </testcase> <!-- @BeforeSuite baseSuite -->
  <testcase classname="com.maccron.BaseClass.BaseClass" name="@BeforeTest beforeTest" time="0.0">
    <ignored/>
  </testcase> <!-- @BeforeTest beforeTest -->
</testsuite> <!-- Test2 -->
