<?xml version="1.0" encoding="UTF-8"?>
<testng-results ignored="4" total="6" passed="2" failed="0" skipped="0">
  <reporter-output>
    <line>
      <![CDATA[connect to DataBase]]>
    </line>
    <line>
      <![CDATA[pre conditions]]>
    </line>
  </reporter-output>
  <suite started-at="2025-12-08T17:41:13 IST" name="Suite" finished-at="2025-12-08T17:41:45 IST" duration-ms="31863">
    <groups>
      <group name="regreesion">
        <method signature="BlankPasswordTextFieldTest.blankPasswordTextField()[pri:0, instance:maccronProject.BlankPasswordTextFieldTest@cecf639]" name="blankPasswordTextField" class="maccronProject.BlankPasswordTextFieldTest"/>
        <method signature="InvalidSearchTest.invalidSearch()[pri:0, instance:maccronProject.InvalidSearchTest@710c2b53]" name="invalidSearch" class="maccronProject.InvalidSearchTest"/>
      </group> <!-- regreesion -->
    </groups>
    <test started-at="2025-12-08T17:41:13 IST" name="Test" finished-at="2025-12-08T17:41:45 IST" duration-ms="31863">
      <class name="maccronProject.AddToBagTest">
        <test-method is-config="true" signature="baseSuite()[pri:0, instance:maccronProject.AddToBagTest@353352b6]" started-at="2025-12-08T17:41:13 IST" name="baseSuite" finished-at="2025-12-08T17:41:13 IST" duration-ms="23" status="PASS">
          <reporter-output>
            <line>
              <![CDATA[connect to DataBase]]>
            </line>
          </reporter-output>
        </test-method> <!-- baseSuite -->
        <test-method is-config="true" signature="beforeTest()[pri:0, instance:maccronProject.AddToBagTest@353352b6]" started-at="2025-12-08T17:41:13 IST" name="beforeTest" finished-at="2025-12-08T17:41:14 IST" duration-ms="1" status="PASS">
          <reporter-output>
            <line>
              <![CDATA[pre conditions]]>
            </line>
          </reporter-output>
        </test-method> <!-- beforeTest -->
      </class> <!-- maccronProject.AddToBagTest -->
      <class name="maccronProject.InvalidSearchTest">
        <test-method is-config="true" signature="beforeClass()[pri:0, instance:maccronProject.InvalidSearchTest@710c2b53]" started-at="2025-12-08T17:41:14 IST" name="beforeClass" finished-at="2025-12-08T17:41:15 IST" duration-ms="1973" status="PASS">
          <reporter-output>
          </reporter-output>
        </test-method> <!-- beforeClass -->
        <test-method is-config="true" signature="beforeMethod()[pri:0, instance:maccronProject.InvalidSearchTest@710c2b53]" started-at="2025-12-08T17:41:16 IST" name="beforeMethod" finished-at="2025-12-08T17:41:21 IST" duration-ms="5053" status="PASS">
          <reporter-output>
          </reporter-output>
        </test-method> <!-- beforeMethod -->
        <test-method signature="invalidSearch()[pri:0, instance:maccronProject.InvalidSearchTest@710c2b53]" started-at="2025-12-08T17:41:21 IST" name="invalidSearch" finished-at="2025-12-08T17:41:21 IST" duration-ms="920" status="PASS">
          <reporter-output>
          </reporter-output>
        </test-method> <!-- invalidSearch -->
        <test-method is-config="true" signature="afterMethod()[pri:0, instance:maccronProject.InvalidSearchTest@710c2b53]" started-at="2025-12-08T17:41:21 IST" name="afterMethod" finished-at="2025-12-08T17:41:22 IST" duration-ms="724" status="PASS">
          <reporter-output>
          </reporter-output>
        </test-method> <!-- afterMethod -->
        <test-method is-config="true" signature="afterClass()[pri:0, instance:maccronProject.InvalidSearchTest@710c2b53]" started-at="2025-12-08T17:41:22 IST" name="afterClass" finished-at="2025-12-08T17:41:23 IST" duration-ms="401" status="PASS">
          <reporter-output>
          </reporter-output>
        </test-method> <!-- afterClass -->
      </class> <!-- maccronProject.InvalidSearchTest -->
      <class name="maccronProject.BlankPasswordTextFieldTest">
        <test-method is-config="true" signature="beforeClass()[pri:0, instance:maccronProject.BlankPasswordTextFieldTest@cecf639]" started-at="2025-12-08T17:41:23 IST" name="beforeClass" finished-at="2025-12-08T17:41:24 IST" duration-ms="1276" status="PASS">
          <reporter-output>
          </reporter-output>
        </test-method> <!-- beforeClass -->
        <test-method is-config="true" signature="beforeMethod()[pri:0, instance:maccronProject.BlankPasswordTextFieldTest@cecf639]" started-at="2025-12-08T17:41:24 IST" name="beforeMethod" finished-at="2025-12-08T17:41:32 IST" duration-ms="7958" status="PASS">
          <reporter-output>
          </reporter-output>
        </test-method> <!-- beforeMethod -->
        <test-method signature="blankPasswordTextField()[pri:0, instance:maccronProject.BlankPasswordTextFieldTest@cecf639]" started-at="2025-12-08T17:41:32 IST" name="blankPasswordTextField" finished-at="2025-12-08T17:41:39 IST" duration-ms="7562" status="PASS">
          <reporter-output>
          </reporter-output>
        </test-method> <!-- blankPasswordTextField -->
        <test-method is-config="true" signature="afterMethod()[pri:0, instance:maccronProject.BlankPasswordTextFieldTest@cecf639]" started-at="2025-12-08T17:41:39 IST" name="afterMethod" finished-at="2025-12-08T17:41:45 IST" duration-ms="5519" status="PASS">
          <reporter-output>
          </reporter-output>
        </test-method> <!-- afterMethod -->
        <test-method is-config="true" signature="afterClass()[pri:0, instance:maccronProject.BlankPasswordTextFieldTest@cecf639]" started-at="2025-12-08T17:41:45 IST" name="afterClass" finished-at="2025-12-08T17:41:45 IST" duration-ms="403" status="PASS">
          <reporter-output>
          </reporter-output>
        </test-method> <!-- afterClass -->
      </class> <!-- maccronProject.BlankPasswordTextFieldTest -->
    </test> <!-- Test -->
  </suite> <!-- Suite -->
</testng-results>
