<?xml version="1.0" encoding="UTF-8"?>
<!-- Generated by org.testng.reporters.JUnitReportReporter -->
<testsuite hostname="Sakshi-2004" failures="0" tests="1" name="maccronProject.InvalidSearchTest" time="6.697" errors="0" timestamp="2025-12-08T17:41:46 IST" skipped="0">
  <testcase classname="maccronProject.InvalidSearchTest" name="invalidSearch" time="6.697"/>
  <system-out>
    <![CDATA[connect to DataBase
pre conditions]]>
  </system-out>
</testsuite> <!-- maccronProject.InvalidSearchTest -->
