<?xml version="1.0" encoding="UTF-8"?>
<!-- Generated by org.testng.reporters.JUnitReportReporter -->
<testsuite hostname="Sakshi-2004" failures="0" tests="1" name="maccronProject.ContactDetailTest" time="18.953" errors="0" timestamp="2025-12-08T17:38:36 IST" skipped="0">
  <testcase classname="maccronProject.ContactDetailTest" name="contactDetails" time="18.953"/>
  <system-out>
    <![CDATA[connect to DataBase
pre conditions]]>
  </system-out>
</testsuite> <!-- maccronProject.ContactDetailTest -->
