<?xml version="1.0" encoding="UTF-8"?>
<!-- Generated by org.testng.reporters.JUnitReportReporter -->
<testsuite hostname="Sakshi-2004" failures="0" tests="1" name="maccronProject.AutoSuggestions" time="8.187" errors="0" timestamp="2025-12-08T14:56:53 IST" skipped="0">
  <testcase classname="maccronProject.AutoSuggestions" name="autoSuggestions" time="8.187"/>
  <system-out>
    <![CDATA[connect to DataBase
pre conditions]]>
  </system-out>
</testsuite> <!-- maccronProject.AutoSuggestions -->
